Arguments: 
  /usr/local/bin/node /usr/local/Cellar/yarn/1.22.10/libexec/bin/yarn.js

PATH: 
  /bin:/usr/bin:/usr/local/bin:/Library/Frameworks/Python.framework/Versions/3.6/bin:/usr/local/bin:/usr/bin:/bin:/usr/sbin:/sbin:/Library/Apple/usr/bin:/Library/Frameworks/Python.framework/Versions/3.6/bin:/Users/aaron/.cargo/bin:/Users/aaron/Documents/Dependencies:/Users/aaron/Library/Android/sdk/emulator:/Users/aaron/Library/Android/sdk/tools:/Users/aaron/Library/Android/sdk/tools/bin:/Users/aaron/Library/Android/sdk/platform-tools:/Users/aaron/Documents/Dependencies:/Users/aaron/Library/Android/sdk/emulator:/Users/aaron/Library/Android/sdk/tools:/Users/aaron/Library/Android/sdk/tools/bin:/Users/aaron/Library/Android/sdk/platform-tools

Yarn version: 
  1.22.10

Node version: 
  14.15.5

Platform: 
  darwin x64

Trace: 
  Error: https://unibuddy-222241622610.d.codeartifact.eu-west-1.amazonaws.com/npm/unibuddy/lerna: Unauthenticated: request used expired credentials. Please renew your credentials.
      at Request.params.callback [as _callback] (/usr/local/Cellar/yarn/1.22.10/libexec/lib/cli.js:66988:18)
      at Request.self.callback (/usr/local/Cellar/yarn/1.22.10/libexec/lib/cli.js:140749:22)
      at Request.emit (events.js:315:20)
      at Request.<anonymous> (/usr/local/Cellar/yarn/1.22.10/libexec/lib/cli.js:141721:10)
      at Request.emit (events.js:315:20)
      at Gunzip.<anonymous> (/usr/local/Cellar/yarn/1.22.10/libexec/lib/cli.js:141643:12)
      at Object.onceWrapper (events.js:421:28)
      at Gunzip.emit (events.js:315:20)
      at endReadableNT (internal/streams/readable.js:1327:12)
      at processTicksAndRejections (internal/process/task_queues.js:80:21)

npm manifest: 
  {
      "name": "module-federation-example",
      "private": true,
      "workspaces": {
          "packages": [
              "app1",
              "app2"
          ]
      },
      "scripts": {
          "start": "lerna run --parallel start",
          "build": "lerna run build"
      },
      "devDependencies": {
          "lerna": "^4.0.0"
      }
  }

yarn manifest: 
  No manifest

Lockfile: 
  No lockfile
